<?xml version="1.0" encoding="UTF-8"?>
<!-- Generated by org.testng.reporters.JUnitReportReporter -->
<testsuite name="com.test.JenkinTest1.Test1" tests="1" time="19.881" ignored="0" failures="0" timestamp="20 Oct 2017 03:59:15 GMT" skipped="0" hostname="Admin-PC" errors="0">
  <testcase name="test1" time="19.881" classname="com.test.JenkinTest1.Test1"/>
</testsuite> <!-- com.test.JenkinTest1.Test1 -->
